c:\users\김기현\documents\visual studio 2015\projects\socketchat\formattertext\debug\formattertext.pch
c:\users\김기현\documents\visual studio 2015\projects\socketchat\formattertext\debug\vc140.pdb
c:\users\김기현\documents\visual studio 2015\projects\socketchat\formattertext\debug\stdafx.obj
c:\users\김기현\documents\visual studio 2015\projects\socketchat\formattertext\debug\formattertext.obj
c:\users\김기현\documents\visual studio 2015\projects\socketchat\formattertext\debug\assemblyinfo.obj
c:\users\김기현\documents\visual studio 2015\projects\socketchat\formattertext\debug\.netframework,version=v4.5.2.assemblyattributes.obj
c:\users\김기현\documents\visual studio 2015\projects\socketchat\formattertext\debug\.netframework,version=v4.5.2.assemblyattributes.asm
c:\users\김기현\documents\visual studio 2015\projects\socketchat\debug\formattertext.dll
c:\users\김기현\documents\visual studio 2015\projects\socketchat\debug\formattertext.pdb
c:\users\김기현\documents\visual studio 2015\projects\socketchat\formattertext\debug\app.res
c:\users\김기현\documents\visual studio 2015\projects\socketchat\formattertext\debug\formattertext.tlog\cl.command.1.tlog
c:\users\김기현\documents\visual studio 2015\projects\socketchat\formattertext\debug\formattertext.tlog\cl.read.1.tlog
c:\users\김기현\documents\visual studio 2015\projects\socketchat\formattertext\debug\formattertext.tlog\cl.write.1.tlog
c:\users\김기현\documents\visual studio 2015\projects\socketchat\formattertext\debug\formattertext.tlog\link.command.1.tlog
c:\users\김기현\documents\visual studio 2015\projects\socketchat\formattertext\debug\formattertext.tlog\link.read.1.tlog
c:\users\김기현\documents\visual studio 2015\projects\socketchat\formattertext\debug\formattertext.tlog\link.write.1.tlog
c:\users\김기현\documents\visual studio 2015\projects\socketchat\formattertext\debug\formattertext.tlog\metagen.read.1.tlog
c:\users\김기현\documents\visual studio 2015\projects\socketchat\formattertext\debug\formattertext.tlog\metagen.write.1.tlog
c:\users\김기현\documents\visual studio 2015\projects\socketchat\formattertext\debug\formattertext.tlog\rc.command.1.tlog
c:\users\김기현\documents\visual studio 2015\projects\socketchat\formattertext\debug\formattertext.tlog\rc.read.1.tlog
c:\users\김기현\documents\visual studio 2015\projects\socketchat\formattertext\debug\formattertext.tlog\rc.write.1.tlog
c:\users\김기현\documents\visual studio 2015\projects\socketchat\formattertext\debug\formattertext.tlog\tzres.dll.bi
